<?xml version="1.0" encoding="UTF-8"?>
<testsuite name="quantitymeasurement.QuantityMeasurement" tests="1" skipped="0" failures="0" errors="0" timestamp="2020-04-23T08:47:03" hostname="aarti" time="0.006">
  <properties/>
  <testcase name="givenGallonAndLitre_when1GallonEqualsTo3Liter_returnTrue" classname="quantitymeasurement.QuantityMeasurement" time="0.006"/>
  <system-out><![CDATA[]]></system-out>
  <system-err><![CDATA[]]></system-err>
</testsuite>
