<?xml version="1.0" encoding="UTF-8"?>
<testsuite name="quantitymeasurement.QuantityMeasurement" tests="1" skipped="0" failures="0" errors="0" timestamp="2020-04-22T18:15:52" hostname="aarti" time="0.001">
  <properties/>
  <testcase name="givenYardAndFeet_when1YardEqualsTo3Feet_returnTrue" classname="quantitymeasurement.QuantityMeasurement" time="0.001"/>
  <system-out><![CDATA[]]></system-out>
  <system-err><![CDATA[]]></system-err>
</testsuite>
