<?xml version="1.0" encoding="UTF-8"?>
<testsuite name="quantitymeasurement.QuantityMeasurement" tests="1" skipped="0" failures="0" errors="0" timestamp="2020-04-21T08:34:02" hostname="aarti" time="0.004">
  <properties/>
  <testcase name="given0FeetAnd1Feet_shouldReturnEqual" classname="quantitymeasurement.QuantityMeasurement" time="0.004"/>
  <system-out><![CDATA[]]></system-out>
  <system-err><![CDATA[]]></system-err>
</testsuite>
