<?xml version="1.0" encoding="UTF-8"?>
<testsuite name="quantitymeasurement.QuantityMeasurement" tests="5" skipped="0" failures="0" errors="0" timestamp="2020-04-21T09:04:28" hostname="aarti" time="0.003">
  <properties/>
  <testcase name="given0InchAnd1Inch_shouldReturnNotEqual" classname="quantitymeasurement.QuantityMeasurement" time="0.001"/>
  <testcase name="given1Feet1Inch_shouldReturnNotEqual" classname="quantitymeasurement.QuantityMeasurement" time="0.0"/>
  <testcase name="given0FeetAnd1Feet_shouldReturnNotEqual" classname="quantitymeasurement.QuantityMeasurement" time="0.0"/>
  <testcase name="given1InchAnd1Inch_shouldReturnEqual" classname="quantitymeasurement.QuantityMeasurement" time="0.0"/>
  <testcase name="given0FeetAnd0Feet_shouldReturnEqual" classname="quantitymeasurement.QuantityMeasurement" time="0.0"/>
  <system-out><![CDATA[]]></system-out>
  <system-err><![CDATA[]]></system-err>
</testsuite>
