<?xml version="1.0" encoding="UTF-8"?>
<testsuite name="quantitymeasurement.QuantityMeasurement" tests="1" skipped="0" failures="0" errors="0" timestamp="2020-04-21T08:43:18" hostname="aarti" time="0.001">
  <properties/>
  <testcase name="given0InchAnd1Inch_shouldReturnNotEqual" classname="quantitymeasurement.QuantityMeasurement" time="0.001"/>
  <system-out><![CDATA[]]></system-out>
  <system-err><![CDATA[]]></system-err>
</testsuite>
